TN:
SF:index.js
FN:27,(anonymous_0)
FN:32,(anonymous_1)
FN:34,(anonymous_2)
FN:40,(anonymous_3)
FN:56,(anonymous_4)
FN:58,(anonymous_5)
FN:74,(anonymous_6)
FN:76,(anonymous_7)
FN:92,(anonymous_8)
FN:94,(anonymous_9)
FN:104,(anonymous_10)
FNF:11
FNH:11
FNDA:1,(anonymous_0)
FNDA:2,(anonymous_1)
FNDA:4,(anonymous_2)
FNDA:2,(anonymous_3)
FNDA:2,(anonymous_4)
FNDA:2,(anonymous_5)
FNDA:2,(anonymous_6)
FNDA:2,(anonymous_7)
FNDA:2,(anonymous_8)
FNDA:4,(anonymous_9)
FNDA:1,(anonymous_10)
DA:1,1
DA:2,1
DA:3,1
DA:5,1
DA:6,1
DA:24,1
DA:27,1
DA:28,1
DA:32,1
DA:33,2
DA:34,4
DA:35,2
DA:36,1
DA:40,1
DA:41,2
DA:43,2
DA:45,1
DA:51,1
DA:52,1
DA:56,1
DA:57,2
DA:58,2
DA:59,2
DA:61,2
DA:63,2
DA:65,1
DA:66,1
DA:68,1
DA:74,1
DA:75,2
DA:76,2
DA:77,2
DA:79,2
DA:81,2
DA:83,1
DA:85,1
DA:86,0
DA:88,1
DA:92,1
DA:93,2
DA:94,4
DA:95,2
DA:97,1
DA:98,1
DA:99,1
DA:103,1
DA:104,1
LF:47
LH:46
BRDA:35,0,0,1
BRDA:35,0,1,1
BRDA:43,1,0,1
BRDA:43,1,1,1
BRDA:59,2,0,0
BRDA:59,2,1,2
BRDA:63,3,0,1
BRDA:63,3,1,1
BRDA:77,4,0,0
BRDA:77,4,1,2
BRDA:81,5,0,1
BRDA:81,5,1,1
BRDA:85,6,0,0
BRDA:85,6,1,1
BRDA:95,7,0,1
BRDA:95,7,1,1
BRDA:103,8,0,1
BRDA:103,8,1,1
BRF:18
BRH:15
end_of_record
TN:
SF:utils\task-schema.js
FN:8,(anonymous_0)
FNF:1
FNH:1
FNDA:6,(anonymous_0)
DA:1,1
DA:3,1
DA:8,6
LF:3
LH:3
BRF:0
BRH:0
end_of_record
